2024-07-10 15:45:22,395 [INFO] scrapy.utils.log: Scrapy 2.11.2 started (bot: rusprofile_parser)
2024-07-10 15:45:22,522 [INFO] scrapy.utils.log: Versions: lxml 5.2.2.0, libxml2 2.11.7, cssselect 1.2.0, parsel 1.9.1, w3lib 2.2.1, Twisted 24.3.0, Python 3.12.4 (tags/v3.12.4:8e8a4ba, Jun  6 2024, 19:30:16) [MSC v.1940 64 bit (AMD64)], pyOpenSSL 24.1.0 (OpenSSL 3.2.2 4 Jun 2024), cryptography 42.0.8, Platform Windows-10-10.0.19045-SP0
2024-07-10 15:45:22,525 [INFO] scrapy.addons: Enabled addons:
[]
2024-07-10 15:45:22,526 [DEBUG] asyncio: Using selector: SelectSelector
2024-07-10 15:45:22,527 [DEBUG] scrapy.utils.log: Using reactor: twisted.internet.asyncioreactor.AsyncioSelectorReactor
2024-07-10 15:45:22,528 [DEBUG] scrapy.utils.log: Using asyncio event loop: asyncio.windows_events._WindowsSelectorEventLoop
2024-07-10 15:45:22,548 [INFO] scrapy.extensions.telnet: Telnet Password: f8420883fbcbba4e
2024-07-10 15:45:22,721 [INFO] scrapy.middleware: Enabled extensions:
['scrapy.extensions.corestats.CoreStats',
 'scrapy.extensions.telnet.TelnetConsole',
 'scrapy.extensions.feedexport.FeedExporter',
 'scrapy.extensions.logstats.LogStats']
2024-07-10 15:45:22,721 [INFO] scrapy.crawler: Overridden settings:
{'BOT_NAME': 'rusprofile_parser',
 'FEED_EXPORT_ENCODING': 'utf-8',
 'NEWSPIDER_MODULE': 'rusprofile_parser.spiders',
 'REQUEST_FINGERPRINTER_IMPLEMENTATION': '2.7',
 'SPIDER_MODULES': ['rusprofile_parser.spiders'],
 'TWISTED_REACTOR': 'twisted.internet.asyncioreactor.AsyncioSelectorReactor',
 'USER_AGENT': 'Mozilla/5.0 (Windows NT 10.0; Win64; x64) AppleWebKit/537.36 '
               '(KHTML, like Gecko) Chrome/91.0.4472.124 Safari/537.36'}
2024-07-10 15:45:23,667 [INFO] scrapy.middleware: Enabled downloader middlewares:
['scrapy.downloadermiddlewares.offsite.OffsiteMiddleware',
 'scrapy.downloadermiddlewares.httpauth.HttpAuthMiddleware',
 'scrapy.downloadermiddlewares.downloadtimeout.DownloadTimeoutMiddleware',
 'scrapy.downloadermiddlewares.defaultheaders.DefaultHeadersMiddleware',
 'scrapy.downloadermiddlewares.useragent.UserAgentMiddleware',
 'scrapy.downloadermiddlewares.retry.RetryMiddleware',
 'scrapy.downloadermiddlewares.redirect.MetaRefreshMiddleware',
 'scrapy.downloadermiddlewares.httpcompression.HttpCompressionMiddleware',
 'scrapy.downloadermiddlewares.redirect.RedirectMiddleware',
 'scrapy.downloadermiddlewares.cookies.CookiesMiddleware',
 'scrapy.downloadermiddlewares.httpproxy.HttpProxyMiddleware',
 'scrapy.downloadermiddlewares.stats.DownloaderStats']
2024-07-10 15:45:23,673 [INFO] scrapy.middleware: Enabled spider middlewares:
['scrapy.spidermiddlewares.httperror.HttpErrorMiddleware',
 'scrapy.spidermiddlewares.referer.RefererMiddleware',
 'scrapy.spidermiddlewares.urllength.UrlLengthMiddleware',
 'scrapy.spidermiddlewares.depth.DepthMiddleware']
2024-07-10 15:45:23,674 [INFO] scrapy.middleware: Enabled item pipelines:
['rusprofile_parser.pipelines.RusprofileParserPipeline']
2024-07-10 15:45:23,674 [INFO] scrapy.core.engine: Spider opened
2024-07-10 15:45:23,686 [INFO] scrapy.extensions.logstats: Crawled 0 pages (at 0 pages/min), scraped 0 items (at 0 items/min)
2024-07-10 15:45:23,687 [INFO] scrapy.extensions.telnet: Telnet console listening on 127.0.0.1:6023
2024-07-10 15:45:25,081 [DEBUG] scrapy.core.engine: Crawled (200) <GET https://www.rusprofile.ru/search-advanced> (referer: None)
2024-07-10 15:45:25,196 [DEBUG] selenium.webdriver.common.selenium_manager: Selenium Manager binary found at: C:\Users\Dacha PC\PycharmProjects\rusprofile\venv\Lib\site-packages\selenium\webdriver\common\windows\selenium-manager.exe
2024-07-10 15:45:25,197 [DEBUG] selenium.webdriver.common.selenium_manager: Executing process: C:\Users\Dacha PC\PycharmProjects\rusprofile\venv\Lib\site-packages\selenium\webdriver\common\windows\selenium-manager.exe --browser chrome --language-binding python --output json
2024-07-10 15:45:25,532 [DEBUG] selenium.webdriver.common.selenium_manager: Driver path: C:\Users\Dacha PC\.cache\selenium\chromedriver\win64\126.0.6478.126\chromedriver.exe
2024-07-10 15:45:25,532 [DEBUG] selenium.webdriver.common.selenium_manager: Browser path: C:\Program Files\Google\Chrome\Application\chrome.exe
2024-07-10 15:45:25,538 [DEBUG] selenium.webdriver.common.service: Started executable: `C:\Users\Dacha PC\.cache\selenium\chromedriver\win64\126.0.6478.126\chromedriver.exe` in a child process with pid: 17064 using 0 to output -3
2024-07-10 15:45:26,065 [DEBUG] selenium.webdriver.remote.remote_connection: POST http://localhost:65353/session {'capabilities': {'firstMatch': [{}], 'alwaysMatch': {'browserName': 'chrome', 'pageLoadStrategy': <PageLoadStrategy.normal: 'normal'>, 'browserVersion': None, 'goog:chromeOptions': {'extensions': [], 'binary': 'C:\\Program Files\\Google\\Chrome\\Application\\chrome.exe', 'args': []}}}}
2024-07-10 15:45:26,066 [DEBUG] urllib3.connectionpool: Starting new HTTP connection (1): localhost:65353
2024-07-10 15:45:26,682 [DEBUG] urllib3.connectionpool: http://localhost:65353 "POST /session HTTP/11" 200 0
2024-07-10 15:45:26,684 [DEBUG] selenium.webdriver.remote.remote_connection: Remote response: status=200 | data={"value":{"capabilities":{"acceptInsecureCerts":false,"browserName":"chrome","browserVersion":"126.0.6478.127","chrome":{"chromedriverVersion":"126.0.6478.126 (d36ace6122e0a59570e258d82441395206d60e1c-refs/branch-heads/6478@{#1591})","userDataDir":"C:\\Users\\DACHAP~1\\AppData\\Local\\Temp\\scoped_dir17064_1921513241"},"fedcm:accounts":true,"goog:chromeOptions":{"debuggerAddress":"localhost:65392"},"networkConnectionEnabled":false,"pageLoadStrategy":"normal","platformName":"windows","proxy":{},"setWindowRect":true,"strictFileInteractability":false,"timeouts":{"implicit":0,"pageLoad":300000,"script":30000},"unhandledPromptBehavior":"dismiss and notify","webauthn:extension:credBlob":true,"webauthn:extension:largeBlob":true,"webauthn:extension:minPinLength":true,"webauthn:extension:prf":true,"webauthn:virtualAuthenticators":true},"sessionId":"b009f82c8badbd62f8cc4fd3c656d1d8"}} | headers=HTTPHeaderDict({'Content-Length': '887', 'Content-Type': 'application/json; charset=utf-8', 'cache-control': 'no-cache'})
2024-07-10 15:45:26,684 [DEBUG] selenium.webdriver.remote.remote_connection: Finished Request
2024-07-10 15:45:26,684 [DEBUG] selenium.webdriver.remote.remote_connection: POST http://localhost:65353/session/b009f82c8badbd62f8cc4fd3c656d1d8/url {'url': 'https://www.rusprofile.ru/search-advanced'}
2024-07-10 15:45:32,716 [DEBUG] urllib3.connectionpool: http://localhost:65353 "POST /session/b009f82c8badbd62f8cc4fd3c656d1d8/url HTTP/11" 200 0
2024-07-10 15:45:32,717 [DEBUG] selenium.webdriver.remote.remote_connection: Remote response: status=200 | data={"value":null} | headers=HTTPHeaderDict({'Content-Length': '14', 'Content-Type': 'application/json; charset=utf-8', 'cache-control': 'no-cache'})
2024-07-10 15:45:32,717 [DEBUG] selenium.webdriver.remote.remote_connection: Finished Request
2024-07-10 15:45:32,717 [DEBUG] selenium.webdriver.remote.remote_connection: GET http://localhost:65353/session/b009f82c8badbd62f8cc4fd3c656d1d8/url {}
2024-07-10 15:45:32,745 [DEBUG] urllib3.connectionpool: http://localhost:65353 "GET /session/b009f82c8badbd62f8cc4fd3c656d1d8/url HTTP/11" 200 0
2024-07-10 15:45:32,745 [DEBUG] selenium.webdriver.remote.remote_connection: Remote response: status=200 | data={"value":"https://www.rusprofile.ru/search-advanced"} | headers=HTTPHeaderDict({'Content-Length': '53', 'Content-Type': 'application/json; charset=utf-8', 'cache-control': 'no-cache'})
2024-07-10 15:45:32,745 [DEBUG] selenium.webdriver.remote.remote_connection: Finished Request
2024-07-10 15:45:32,746 [INFO] myspider: Открыта страница: https://www.rusprofile.ru/search-advanced
2024-07-10 15:45:32,746 [DEBUG] selenium.webdriver.remote.remote_connection: POST http://localhost:65353/session/b009f82c8badbd62f8cc4fd3c656d1d8/element {'using': 'xpath', 'value': '//div[@class="toggle-fields has-list-tree"]//legend[contains(text(), "Вид деятельности")]'}
2024-07-10 15:45:33,213 [DEBUG] urllib3.connectionpool: http://localhost:65353 "POST /session/b009f82c8badbd62f8cc4fd3c656d1d8/element HTTP/11" 200 0
2024-07-10 15:45:33,214 [DEBUG] selenium.webdriver.remote.remote_connection: Remote response: status=200 | data={"value":{"element-6066-11e4-a52e-4f735466cecf":"f.31B6305BD85F2EB24E9C55F5ABF22140.d.39F7304D3AC51084D4548D67EBA5700D.e.178"}} | headers=HTTPHeaderDict({'Content-Length': '127', 'Content-Type': 'application/json; charset=utf-8', 'cache-control': 'no-cache'})
2024-07-10 15:45:33,214 [DEBUG] selenium.webdriver.remote.remote_connection: Finished Request
2024-07-10 15:45:33,215 [DEBUG] selenium.webdriver.remote.remote_connection: POST http://localhost:65353/session/b009f82c8badbd62f8cc4fd3c656d1d8/execute/sync {'script': '/* isDisplayed */return (function(){return (function(){var g=this||self;\nfunction aa(a){var b=typeof...', 'args': [{'element-6066-11e4-a52e-4f735466cecf': 'f.31B6305BD85F2EB24E9C55F5ABF22140.d.39F7304D3AC51084D4548D67EBA5700D.e.178'}]}
2024-07-10 15:45:33,231 [DEBUG] urllib3.connectionpool: http://localhost:65353 "POST /session/b009f82c8badbd62f8cc4fd3c656d1d8/execute/sync HTTP/11" 200 0
2024-07-10 15:45:33,232 [DEBUG] selenium.webdriver.remote.remote_connection: Remote response: status=200 | data={"value":true} | headers=HTTPHeaderDict({'Content-Length': '14', 'Content-Type': 'application/json; charset=utf-8', 'cache-control': 'no-cache'})
2024-07-10 15:45:33,232 [DEBUG] selenium.webdriver.remote.remote_connection: Finished Request
2024-07-10 15:45:33,232 [DEBUG] selenium.webdriver.remote.remote_connection: GET http://localhost:65353/session/b009f82c8badbd62f8cc4fd3c656d1d8/element/f.31B6305BD85F2EB24E9C55F5ABF22140.d.39F7304D3AC51084D4548D67EBA5700D.e.178/enabled {}
2024-07-10 15:45:33,242 [DEBUG] urllib3.connectionpool: http://localhost:65353 "GET /session/b009f82c8badbd62f8cc4fd3c656d1d8/element/f.31B6305BD85F2EB24E9C55F5ABF22140.d.39F7304D3AC51084D4548D67EBA5700D.e.178/enabled HTTP/11" 200 0
2024-07-10 15:45:33,243 [DEBUG] selenium.webdriver.remote.remote_connection: Remote response: status=200 | data={"value":true} | headers=HTTPHeaderDict({'Content-Length': '14', 'Content-Type': 'application/json; charset=utf-8', 'cache-control': 'no-cache'})
2024-07-10 15:45:33,243 [DEBUG] selenium.webdriver.remote.remote_connection: Finished Request
2024-07-10 15:45:33,243 [DEBUG] selenium.webdriver.remote.remote_connection: POST http://localhost:65353/session/b009f82c8badbd62f8cc4fd3c656d1d8/element/f.31B6305BD85F2EB24E9C55F5ABF22140.d.39F7304D3AC51084D4548D67EBA5700D.e.178/click {}
2024-07-10 15:45:33,653 [DEBUG] urllib3.connectionpool: http://localhost:65353 "POST /session/b009f82c8badbd62f8cc4fd3c656d1d8/element/f.31B6305BD85F2EB24E9C55F5ABF22140.d.39F7304D3AC51084D4548D67EBA5700D.e.178/click HTTP/11" 200 0
2024-07-10 15:45:33,654 [DEBUG] selenium.webdriver.remote.remote_connection: Remote response: status=200 | data={"value":null} | headers=HTTPHeaderDict({'Content-Length': '14', 'Content-Type': 'application/json; charset=utf-8', 'cache-control': 'no-cache'})
2024-07-10 15:45:33,654 [DEBUG] selenium.webdriver.remote.remote_connection: Finished Request
2024-07-10 15:45:33,655 [INFO] myspider: Кликнули на кнопку 'Виды деятельности'
2024-07-10 15:45:33,655 [DEBUG] selenium.webdriver.remote.remote_connection: POST http://localhost:65353/session/b009f82c8badbd62f8cc4fd3c656d1d8/element {'using': 'xpath', 'value': '//input[@placeholder="Название или код"]'}
2024-07-10 15:45:33,685 [DEBUG] urllib3.connectionpool: http://localhost:65353 "POST /session/b009f82c8badbd62f8cc4fd3c656d1d8/element HTTP/11" 200 0
2024-07-10 15:45:33,685 [DEBUG] selenium.webdriver.remote.remote_connection: Remote response: status=200 | data={"value":{"element-6066-11e4-a52e-4f735466cecf":"f.31B6305BD85F2EB24E9C55F5ABF22140.d.39F7304D3AC51084D4548D67EBA5700D.e.650"}} | headers=HTTPHeaderDict({'Content-Length': '127', 'Content-Type': 'application/json; charset=utf-8', 'cache-control': 'no-cache'})
2024-07-10 15:45:33,686 [DEBUG] selenium.webdriver.remote.remote_connection: Finished Request
2024-07-10 15:45:33,686 [DEBUG] selenium.webdriver.remote.remote_connection: POST http://localhost:65353/session/b009f82c8badbd62f8cc4fd3c656d1d8/element/f.31B6305BD85F2EB24E9C55F5ABF22140.d.39F7304D3AC51084D4548D67EBA5700D.e.650/clear {}
2024-07-10 15:45:34,081 [DEBUG] urllib3.connectionpool: http://localhost:65353 "POST /session/b009f82c8badbd62f8cc4fd3c656d1d8/element/f.31B6305BD85F2EB24E9C55F5ABF22140.d.39F7304D3AC51084D4548D67EBA5700D.e.650/clear HTTP/11" 200 0
2024-07-10 15:45:34,081 [DEBUG] selenium.webdriver.remote.remote_connection: Remote response: status=200 | data={"value":null} | headers=HTTPHeaderDict({'Content-Length': '14', 'Content-Type': 'application/json; charset=utf-8', 'cache-control': 'no-cache'})
2024-07-10 15:45:34,081 [DEBUG] selenium.webdriver.remote.remote_connection: Finished Request
2024-07-10 15:45:34,082 [DEBUG] selenium.webdriver.remote.remote_connection: POST http://localhost:65353/session/b009f82c8badbd62f8cc4fd3c656d1d8/element/f.31B6305BD85F2EB24E9C55F5ABF22140.d.39F7304D3AC51084D4548D67EBA5700D.e.650/value {'text': '56.1', 'value': ['5', '6', '.', '1']}
2024-07-10 15:45:34,169 [DEBUG] urllib3.connectionpool: http://localhost:65353 "POST /session/b009f82c8badbd62f8cc4fd3c656d1d8/element/f.31B6305BD85F2EB24E9C55F5ABF22140.d.39F7304D3AC51084D4548D67EBA5700D.e.650/value HTTP/11" 200 0
2024-07-10 15:45:34,169 [DEBUG] selenium.webdriver.remote.remote_connection: Remote response: status=200 | data={"value":null} | headers=HTTPHeaderDict({'Content-Length': '14', 'Content-Type': 'application/json; charset=utf-8', 'cache-control': 'no-cache'})
2024-07-10 15:45:34,170 [DEBUG] selenium.webdriver.remote.remote_connection: Finished Request
2024-07-10 15:45:35,171 [INFO] myspider: Введен номер ОКВЭД: 56.1
2024-07-10 15:45:35,171 [DEBUG] selenium.webdriver.remote.remote_connection: POST http://localhost:65353/session/b009f82c8badbd62f8cc4fd3c656d1d8/execute/sync {'script': '\n                    var checkbox = document.querySelector(\'input[id="okved-56.1"]\');\n              ...', 'args': []}
2024-07-10 15:45:35,252 [DEBUG] urllib3.connectionpool: http://localhost:65353 "POST /session/b009f82c8badbd62f8cc4fd3c656d1d8/execute/sync HTTP/11" 200 0
2024-07-10 15:45:35,253 [DEBUG] selenium.webdriver.remote.remote_connection: Remote response: status=200 | data={"value":true} | headers=HTTPHeaderDict({'Content-Length': '14', 'Content-Type': 'application/json; charset=utf-8', 'cache-control': 'no-cache'})
2024-07-10 15:45:35,253 [DEBUG] selenium.webdriver.remote.remote_connection: Finished Request
2024-07-10 15:45:35,253 [INFO] myspider: Кликнули на чекбокс: 56.1
2024-07-10 15:45:35,253 [DEBUG] selenium.webdriver.remote.remote_connection: POST http://localhost:65353/session/b009f82c8badbd62f8cc4fd3c656d1d8/element {'using': 'xpath', 'value': '//input[@placeholder="Название или код"]'}
2024-07-10 15:45:36,041 [DEBUG] urllib3.connectionpool: http://localhost:65353 "POST /session/b009f82c8badbd62f8cc4fd3c656d1d8/element HTTP/11" 200 0
2024-07-10 15:45:36,041 [DEBUG] selenium.webdriver.remote.remote_connection: Remote response: status=200 | data={"value":{"element-6066-11e4-a52e-4f735466cecf":"f.31B6305BD85F2EB24E9C55F5ABF22140.d.39F7304D3AC51084D4548D67EBA5700D.e.650"}} | headers=HTTPHeaderDict({'Content-Length': '127', 'Content-Type': 'application/json; charset=utf-8', 'cache-control': 'no-cache'})
2024-07-10 15:45:36,042 [DEBUG] selenium.webdriver.remote.remote_connection: Finished Request
2024-07-10 15:45:36,042 [DEBUG] selenium.webdriver.remote.remote_connection: POST http://localhost:65353/session/b009f82c8badbd62f8cc4fd3c656d1d8/element/f.31B6305BD85F2EB24E9C55F5ABF22140.d.39F7304D3AC51084D4548D67EBA5700D.e.650/clear {}
2024-07-10 15:45:36,321 [DEBUG] urllib3.connectionpool: http://localhost:65353 "POST /session/b009f82c8badbd62f8cc4fd3c656d1d8/element/f.31B6305BD85F2EB24E9C55F5ABF22140.d.39F7304D3AC51084D4548D67EBA5700D.e.650/clear HTTP/11" 200 0
2024-07-10 15:45:36,322 [DEBUG] selenium.webdriver.remote.remote_connection: Remote response: status=200 | data={"value":null} | headers=HTTPHeaderDict({'Content-Length': '14', 'Content-Type': 'application/json; charset=utf-8', 'cache-control': 'no-cache'})
2024-07-10 15:45:36,322 [DEBUG] selenium.webdriver.remote.remote_connection: Finished Request
2024-07-10 15:45:36,323 [DEBUG] selenium.webdriver.remote.remote_connection: POST http://localhost:65353/session/b009f82c8badbd62f8cc4fd3c656d1d8/element/f.31B6305BD85F2EB24E9C55F5ABF22140.d.39F7304D3AC51084D4548D67EBA5700D.e.650/value {'text': '49.41', 'value': ['4', '9', '.', '4', '1']}
2024-07-10 15:45:36,794 [DEBUG] urllib3.connectionpool: http://localhost:65353 "POST /session/b009f82c8badbd62f8cc4fd3c656d1d8/element/f.31B6305BD85F2EB24E9C55F5ABF22140.d.39F7304D3AC51084D4548D67EBA5700D.e.650/value HTTP/11" 200 0
2024-07-10 15:45:36,795 [DEBUG] selenium.webdriver.remote.remote_connection: Remote response: status=200 | data={"value":null} | headers=HTTPHeaderDict({'Content-Length': '14', 'Content-Type': 'application/json; charset=utf-8', 'cache-control': 'no-cache'})
2024-07-10 15:45:36,795 [DEBUG] selenium.webdriver.remote.remote_connection: Finished Request
2024-07-10 15:45:37,797 [INFO] myspider: Введен номер ОКВЭД: 49.41
2024-07-10 15:45:37,797 [DEBUG] selenium.webdriver.remote.remote_connection: POST http://localhost:65353/session/b009f82c8badbd62f8cc4fd3c656d1d8/execute/sync {'script': '\n                    var checkbox = document.querySelector(\'input[id="okved-49.41"]\');\n             ...', 'args': []}
2024-07-10 15:45:37,885 [DEBUG] urllib3.connectionpool: http://localhost:65353 "POST /session/b009f82c8badbd62f8cc4fd3c656d1d8/execute/sync HTTP/11" 200 0
2024-07-10 15:45:37,886 [DEBUG] selenium.webdriver.remote.remote_connection: Remote response: status=200 | data={"value":true} | headers=HTTPHeaderDict({'Content-Length': '14', 'Content-Type': 'application/json; charset=utf-8', 'cache-control': 'no-cache'})
2024-07-10 15:45:37,886 [DEBUG] selenium.webdriver.remote.remote_connection: Finished Request
2024-07-10 15:45:37,886 [INFO] myspider: Кликнули на чекбокс: 49.41
2024-07-10 15:45:37,887 [DEBUG] selenium.webdriver.remote.remote_connection: POST http://localhost:65353/session/b009f82c8badbd62f8cc4fd3c656d1d8/element {'using': 'xpath', 'value': '//input[@placeholder="Название или код"]'}
2024-07-10 15:45:38,486 [DEBUG] urllib3.connectionpool: http://localhost:65353 "POST /session/b009f82c8badbd62f8cc4fd3c656d1d8/element HTTP/11" 200 0
2024-07-10 15:45:38,487 [DEBUG] selenium.webdriver.remote.remote_connection: Remote response: status=200 | data={"value":{"element-6066-11e4-a52e-4f735466cecf":"f.31B6305BD85F2EB24E9C55F5ABF22140.d.39F7304D3AC51084D4548D67EBA5700D.e.650"}} | headers=HTTPHeaderDict({'Content-Length': '127', 'Content-Type': 'application/json; charset=utf-8', 'cache-control': 'no-cache'})
2024-07-10 15:45:38,487 [DEBUG] selenium.webdriver.remote.remote_connection: Finished Request
2024-07-10 15:45:38,488 [DEBUG] selenium.webdriver.remote.remote_connection: POST http://localhost:65353/session/b009f82c8badbd62f8cc4fd3c656d1d8/element/f.31B6305BD85F2EB24E9C55F5ABF22140.d.39F7304D3AC51084D4548D67EBA5700D.e.650/clear {}
2024-07-10 15:45:38,666 [DEBUG] urllib3.connectionpool: http://localhost:65353 "POST /session/b009f82c8badbd62f8cc4fd3c656d1d8/element/f.31B6305BD85F2EB24E9C55F5ABF22140.d.39F7304D3AC51084D4548D67EBA5700D.e.650/clear HTTP/11" 200 0
2024-07-10 15:45:38,667 [DEBUG] selenium.webdriver.remote.remote_connection: Remote response: status=200 | data={"value":null} | headers=HTTPHeaderDict({'Content-Length': '14', 'Content-Type': 'application/json; charset=utf-8', 'cache-control': 'no-cache'})
2024-07-10 15:45:38,667 [DEBUG] selenium.webdriver.remote.remote_connection: Finished Request
2024-07-10 15:45:38,668 [DEBUG] selenium.webdriver.remote.remote_connection: POST http://localhost:65353/session/b009f82c8badbd62f8cc4fd3c656d1d8/element/f.31B6305BD85F2EB24E9C55F5ABF22140.d.39F7304D3AC51084D4548D67EBA5700D.e.650/value {'text': '96.02', 'value': ['9', '6', '.', '0', '2']}
2024-07-10 15:45:39,258 [DEBUG] urllib3.connectionpool: http://localhost:65353 "POST /session/b009f82c8badbd62f8cc4fd3c656d1d8/element/f.31B6305BD85F2EB24E9C55F5ABF22140.d.39F7304D3AC51084D4548D67EBA5700D.e.650/value HTTP/11" 200 0
2024-07-10 15:45:39,258 [DEBUG] selenium.webdriver.remote.remote_connection: Remote response: status=200 | data={"value":null} | headers=HTTPHeaderDict({'Content-Length': '14', 'Content-Type': 'application/json; charset=utf-8', 'cache-control': 'no-cache'})
2024-07-10 15:45:39,259 [DEBUG] selenium.webdriver.remote.remote_connection: Finished Request
2024-07-10 15:45:40,260 [INFO] myspider: Введен номер ОКВЭД: 96.02
2024-07-10 15:45:40,260 [DEBUG] selenium.webdriver.remote.remote_connection: POST http://localhost:65353/session/b009f82c8badbd62f8cc4fd3c656d1d8/execute/sync {'script': '\n                    var checkbox = document.querySelector(\'input[id="okved-96.02"]\');\n             ...', 'args': []}
2024-07-10 15:45:40,348 [DEBUG] urllib3.connectionpool: http://localhost:65353 "POST /session/b009f82c8badbd62f8cc4fd3c656d1d8/execute/sync HTTP/11" 200 0
2024-07-10 15:45:40,349 [DEBUG] selenium.webdriver.remote.remote_connection: Remote response: status=200 | data={"value":true} | headers=HTTPHeaderDict({'Content-Length': '14', 'Content-Type': 'application/json; charset=utf-8', 'cache-control': 'no-cache'})
2024-07-10 15:45:40,349 [DEBUG] selenium.webdriver.remote.remote_connection: Finished Request
2024-07-10 15:45:40,349 [INFO] myspider: Кликнули на чекбокс: 96.02
2024-07-10 15:45:40,350 [DEBUG] selenium.webdriver.remote.remote_connection: POST http://localhost:65353/session/b009f82c8badbd62f8cc4fd3c656d1d8/execute/sync {'script': '\n                var submitButton = document.evaluate("//button[contains(text(), \'Готово\')]", docume...', 'args': []}
2024-07-10 15:45:40,593 [DEBUG] urllib3.connectionpool: http://localhost:65353 "POST /session/b009f82c8badbd62f8cc4fd3c656d1d8/execute/sync HTTP/11" 200 0
2024-07-10 15:45:40,593 [DEBUG] selenium.webdriver.remote.remote_connection: Remote response: status=200 | data={"value":false} | headers=HTTPHeaderDict({'Content-Length': '15', 'Content-Type': 'application/json; charset=utf-8', 'cache-control': 'no-cache'})
2024-07-10 15:45:40,593 [DEBUG] selenium.webdriver.remote.remote_connection: Finished Request
2024-07-10 15:45:40,594 [DEBUG] selenium.webdriver.remote.remote_connection: POST http://localhost:65353/session/b009f82c8badbd62f8cc4fd3c656d1d8/element {'using': 'css selector', 'value': '.company-item__title'}
2024-07-10 15:45:41,016 [DEBUG] urllib3.connectionpool: http://localhost:65353 "POST /session/b009f82c8badbd62f8cc4fd3c656d1d8/element HTTP/11" 200 0
2024-07-10 15:45:41,016 [DEBUG] selenium.webdriver.remote.remote_connection: Remote response: status=200 | data={"value":{"element-6066-11e4-a52e-4f735466cecf":"f.31B6305BD85F2EB24E9C55F5ABF22140.d.39F7304D3AC51084D4548D67EBA5700D.e.28568"}} | headers=HTTPHeaderDict({'Content-Length': '129', 'Content-Type': 'application/json; charset=utf-8', 'cache-control': 'no-cache'})
2024-07-10 15:45:41,016 [DEBUG] selenium.webdriver.remote.remote_connection: Finished Request
2024-07-10 15:45:41,017 [INFO] myspider: Загрузка результатов завершена
2024-07-10 15:45:41,017 [DEBUG] selenium.webdriver.remote.remote_connection: GET http://localhost:65353/session/b009f82c8badbd62f8cc4fd3c656d1d8/source {}
2024-07-10 15:45:41,485 [DEBUG] urllib3.connectionpool: http://localhost:65353 "GET /session/b009f82c8badbd62f8cc4fd3c656d1d8/source HTTP/11" 200 0
2024-07-10 15:45:46,542 [DEBUG] selenium.webdriver.remote.remote_connection: Finished Request
2024-07-10 15:45:46,798 [WARNING] myspider: ИНН не найден для компании: ООО "Галерея-Алекс"
2024-07-10 15:45:46,798 [DEBUG] myspider: HTML компании: <div class="company-item-info"> <dl>  <dt>Генеральный директор</dt> <dd>Лозицкий Владислав Александрович</dd>  </dl> </div>
2024-07-10 15:45:46,799 [DEBUG] scrapy.core.scraper: Scraped from <200 https://www.rusprofile.ru/search-advanced>
{'company_name': 'ООО "Галерея-Алекс"', 'inn': None, 'okved': None}
2024-07-10 15:45:46,801 [DEBUG] scrapy.core.scraper: Scraped from <200 https://www.rusprofile.ru/search-advanced>
{'company_name': 'ООО "РОСИНТЕР Ресторантс"', 'inn': '7704520601', 'okved': None}
2024-07-10 15:45:46,802 [WARNING] myspider: ИНН не найден для компании: ООО "Кофе Хаус"
2024-07-10 15:45:46,802 [DEBUG] myspider: HTML компании: <div class="company-item-info"> <dl> <dt>Основной вид деятельности</dt> <dd>56.10 Деятельность ресторанов и услуги по доставке продуктов питания</dd> </dl> </div>
2024-07-10 15:45:46,802 [DEBUG] scrapy.core.scraper: Scraped from <200 https://www.rusprofile.ru/search-advanced>
{'company_name': 'ООО "Кофе Хаус"', 'inn': None, 'okved': '56.10 Деятельность ресторанов и услуги по доставке продуктов питания'}
2024-07-10 15:45:46,803 [WARNING] myspider: ИНН не найден для компании: ООО "УТТИСТ - Бурсервис"
2024-07-10 15:45:46,803 [DEBUG] myspider: HTML компании: <div class="company-item-info"> <dl>  <dt>Генеральный директор</dt> <dd>Костеева Маргарита Валерьевна</dd>  </dl> </div>
2024-07-10 15:45:46,803 [DEBUG] scrapy.core.scraper: Scraped from <200 https://www.rusprofile.ru/search-advanced>
{'company_name': 'ООО "УТТИСТ - Бурсервис"', 'inn': None, 'okved': None}
2024-07-10 15:45:46,804 [DEBUG] scrapy.core.scraper: Scraped from <200 https://www.rusprofile.ru/search-advanced>
{'company_name': 'ООО "Итеко Россия"', 'inn': '7737115648', 'okved': None}
2024-07-10 15:45:46,805 [WARNING] myspider: ИНН не найден для компании: ООО "Салон-Парикмахерская "Диана"
2024-07-10 15:45:46,805 [DEBUG] myspider: HTML компании: <div class="company-item-info"> <dl> <dt>Основной вид деятельности</dt> <dd>56.10 Деятельность ресторанов и услуги по доставке продуктов питания</dd> </dl> </div>
2024-07-10 15:45:46,805 [DEBUG] scrapy.core.scraper: Scraped from <200 https://www.rusprofile.ru/search-advanced>
{'company_name': 'ООО "Салон-Парикмахерская "Диана"', 'inn': None, 'okved': '56.10 Деятельность ресторанов и услуги по доставке продуктов питания'}
2024-07-10 15:45:46,806 [WARNING] myspider: ИНН не найден для компании: ООО "Карьер Ресурс"
2024-07-10 15:45:46,806 [DEBUG] myspider: HTML компании: <div class="company-item-info"> <dl>  <dt>Президент</dt> <dd>Файзуллин Михаил Маратович</dd>  </dl> </div>
2024-07-10 15:45:46,806 [DEBUG] scrapy.core.scraper: Scraped from <200 https://www.rusprofile.ru/search-advanced>
{'company_name': 'ООО "Карьер Ресурс"', 'inn': None, 'okved': None}
2024-07-10 15:45:46,807 [DEBUG] scrapy.core.scraper: Scraped from <200 https://www.rusprofile.ru/search-advanced>
{'company_name': 'ООО "Шоко Холдинг"', 'inn': '7704207300', 'okved': None}
2024-07-10 15:45:46,808 [WARNING] myspider: ИНН не найден для компании: ООО "ТД Дуслык"
2024-07-10 15:45:46,809 [DEBUG] myspider: HTML компании: <div class="company-item-info"> <dl> <dt>Основной вид деятельности</dt> <dd>56.10 Деятельность ресторанов и услуги по доставке продуктов питания</dd> </dl> </div>
2024-07-10 15:45:46,809 [DEBUG] scrapy.core.scraper: Scraped from <200 https://www.rusprofile.ru/search-advanced>
{'company_name': 'ООО "ТД Дуслык"', 'inn': None, 'okved': '56.10 Деятельность ресторанов и услуги по доставке продуктов питания'}
2024-07-10 15:45:46,810 [WARNING] myspider: ИНН не найден для компании: ЗАО " Автотранс"
2024-07-10 15:45:46,810 [DEBUG] myspider: HTML компании: <div class="company-item-info"> <dl>  <dt>Управляющая организация</dt> <dd>ОБЩЕСТВО С ОГРАНИЧЕННОЙ ОТВЕТСТВЕННОСТЬЮ "ГАЗНЕФТЕСЕРВИС"</dd>  </dl> </div>
2024-07-10 15:45:46,810 [DEBUG] scrapy.core.scraper: Scraped from <200 https://www.rusprofile.ru/search-advanced>
{'company_name': 'ЗАО " Автотранс"', 'inn': None, 'okved': None}
2024-07-10 15:45:46,811 [DEBUG] selenium.webdriver.remote.remote_connection: DELETE http://localhost:65353/session/b009f82c8badbd62f8cc4fd3c656d1d8 {}
2024-07-10 15:45:46,878 [DEBUG] urllib3.connectionpool: http://localhost:65353 "DELETE /session/b009f82c8badbd62f8cc4fd3c656d1d8 HTTP/11" 200 0
2024-07-10 15:45:46,878 [DEBUG] selenium.webdriver.remote.remote_connection: Remote response: status=200 | data={"value":null} | headers=HTTPHeaderDict({'Content-Length': '14', 'Content-Type': 'application/json; charset=utf-8', 'cache-control': 'no-cache'})
2024-07-10 15:45:46,878 [DEBUG] selenium.webdriver.remote.remote_connection: Finished Request
2024-07-10 15:45:53,226 [INFO] scrapy.core.engine: Closing spider (finished)
2024-07-10 15:45:53,228 [INFO] scrapy.extensions.feedexport: Stored json feed (10 items) in: output.json
2024-07-10 15:45:53,228 [INFO] scrapy.statscollectors: Dumping Scrapy stats:
{'downloader/request_bytes': 313,
 'downloader/request_count': 1,
 'downloader/request_method_count/GET': 1,
 'downloader/response_bytes': 330113,
 'downloader/response_count': 1,
 'downloader/response_status_count/200': 1,
 'elapsed_time_seconds': 29.540779,
 'feedexport/success_count/FileFeedStorage': 1,
 'finish_reason': 'finished',
 'finish_time': datetime.datetime(2024, 7, 10, 12, 45, 53, 226847, tzinfo=datetime.timezone.utc),
 'httpcompression/response_bytes': 3460872,
 'httpcompression/response_count': 1,
 'item_scraped_count': 10,
 'log_count/DEBUG': 119,
 'log_count/INFO': 20,
 'log_count/WARNING': 7,
 'response_received_count': 1,
 'scheduler/dequeued': 1,
 'scheduler/dequeued/memory': 1,
 'scheduler/enqueued': 1,
 'scheduler/enqueued/memory': 1,
 'start_time': datetime.datetime(2024, 7, 10, 12, 45, 23, 686068, tzinfo=datetime.timezone.utc)}
2024-07-10 15:45:53,229 [INFO] scrapy.core.engine: Spider closed (finished)
